<html>
<head>
<title>TestNG:  HealthCheckTest</title>
<link href="../testng.css" rel="stylesheet" type="text/css" />
<link href="../my-testng.css" rel="stylesheet" type="text/css" />

<style type="text/css">
.log { display: none;} 
.stack-trace { display: none;} 
</style>
<script type="text/javascript">
<!--
function flip(e) {
  current = e.style.display;
  if (current == 'block') {
    e.style.display = 'none';
    return 0;
  }
  else {
    e.style.display = 'block';
    return 1;
  }
}

function toggleBox(szDivId, elem, msg1, msg2)
{
  var res = -1;  if (document.getElementById) {
    res = flip(document.getElementById(szDivId));
  }
  else if (document.all) {
    // this is the way old msie versions work
    res = flip(document.all[szDivId]);
  }
  if(elem) {
    if(res == 0) elem.innerHTML = msg1; else elem.innerHTML = msg2;
  }

}

function toggleAllBoxes() {
  if (document.getElementsByTagName) {
    d = document.getElementsByTagName('div');
    for (i = 0; i < d.length; i++) {
      if (d[i].className == 'log') {
        flip(d[i]);
      }
    }
  }
}

// -->
</script>

</head>
<body>
<h2 align='center'>HealthCheckTest</h2><table border='1' align="center">
<tr>
<td>Tests passed/Failed/Skipped:</td><td>1/10/0</td>
</tr><tr>
<td>Started on:</td><td>Tue Jun 02 16:32:45 IST 2020</td>
</tr>
<tr><td>Total time:</td><td>55 seconds (55153 ms)</td>
</tr><tr>
<td>Included groups:</td><td></td>
</tr><tr>
<td>Excluded groups:</td><td></td>
</tr>
</table><p/>
<small><i>(Hover the method name to see the test class name)</i></small><p/>
<table width='100%' border='1' class='invocation-failed'>
<tr><td colspan='4' align='center'><b>FAILED TESTS</b></td></tr>
<tr><td><b>Test method</b></td>
<td width="30%"><b>Exception</b></td>
<td width="10%"><b>Time (seconds)</b></td>
<td><b>Instance</b></td>
</tr>
<tr>
<td title='io.mosip.actuator.healthcheck.test.ActuatorTest.admin()'><b>admin</b><br>Test class: io.mosip.actuator.healthcheck.test.ActuatorTest<br>Parameters: admin, {admin-ui=Down, admin-service=UP}</td>
<td><div><pre>java.lang.AssertionError: expected [true] but found [false]
	at io.mosip.actuator.healthcheck.test.ActuatorTest.actuatorHealthTest(ActuatorTest.java:80)
	at io.mosip.orchestrator.testrunner.MosipTestRunner.startTestRunner(MosipTestRunner.java:72)
	at io.mosip.orchestrator.testrunner.MosipTestRunner.main(MosipTestRunner.java:35)
... Removed 26 stack frames</pre></div><a href='#' onClick='toggleBox("stack-trace146842175", this, "Click to show all stack frames", "Click to hide stack frames")'>Click to show all stack frames</a>
<div class='stack-trace' id='stack-trace146842175'><pre>java.lang.AssertionError: expected [true] but found [false]
	at org.testng.Assert.fail(Assert.java:93)
	at org.testng.Assert.failNotEquals(Assert.java:512)
	at org.testng.Assert.assertTrue(Assert.java:41)
	at org.testng.Assert.assertTrue(Assert.java:51)
	at io.mosip.actuator.healthcheck.test.ActuatorTest.actuatorHealthTest(ActuatorTest.java:80)
	at sun.reflect.NativeMethodAccessorImpl.invoke0(Native Method)
	at sun.reflect.NativeMethodAccessorImpl.invoke(Unknown Source)
	at sun.reflect.DelegatingMethodAccessorImpl.invoke(Unknown Source)
	at java.lang.reflect.Method.invoke(Unknown Source)
	at org.testng.internal.MethodInvocationHelper.invokeMethod(MethodInvocationHelper.java:108)
	at org.testng.internal.Invoker.invokeMethod(Invoker.java:661)
	at org.testng.internal.Invoker.invokeTestMethod(Invoker.java:869)
	at org.testng.internal.Invoker.invokeTestMethods(Invoker.java:1193)
	at org.testng.internal.TestMethodWorker.invokeTestMethods(TestMethodWorker.java:126)
	at org.testng.internal.TestMethodWorker.run(TestMethodWorker.java:109)
	at org.testng.TestRunner.privateRun(TestRunner.java:744)
	at org.testng.TestRunner.run(TestRunner.java:602)
	at org.testng.SuiteRunner.runTest(SuiteRunner.java:380)
	at org.testng.SuiteRunner.runSequentially(SuiteRunner.java:375)
	at org.testng.SuiteRunner.privateRun(SuiteRunner.java:340)
	at org.testng.SuiteRunner.run(SuiteRunner.java:289)
	at org.testng.SuiteRunnerWorker.runSuite(SuiteRunnerWorker.java:52)
	at org.testng.SuiteRunnerWorker.run(SuiteRunnerWorker.java:86)
	at org.testng.TestNG.runSuitesSequentially(TestNG.java:1301)
	at org.testng.TestNG.runSuitesLocally(TestNG.java:1226)
	at org.testng.TestNG.runSuites(TestNG.java:1144)
	at org.testng.TestNG.run(TestNG.java:1115)
	at io.mosip.orchestrator.testrunner.MosipTestRunner.startTestRunner(MosipTestRunner.java:72)
	at io.mosip.orchestrator.testrunner.MosipTestRunner.main(MosipTestRunner.java:35)
</pre></div></td>
<td>0</td>
<td>io.mosip.actuator.healthcheck.test.ActuatorTest@21a06946</td></tr>
<tr>
<td title='io.mosip.preregistration.tests.PreRegistrationSmoke.bookAppointment()'><b>bookAppointment</b><br>Test class: io.mosip.preregistration.tests.PreRegistrationSmoke</td>
<td><div><pre>java.lang.AssertionError: null
	at io.mosip.preregistration.tests.PreRegistrationSmoke.bookAppointment(PreRegistrationSmoke.java:98)
	at io.mosip.orchestrator.testrunner.MosipTestRunner.startTestRunner(MosipTestRunner.java:72)
	at io.mosip.orchestrator.testrunner.MosipTestRunner.main(MosipTestRunner.java:35)
... Removed 24 stack frames</pre></div><a href='#' onClick='toggleBox("stack-trace321185546", this, "Click to show all stack frames", "Click to hide stack frames")'>Click to show all stack frames</a>
<div class='stack-trace' id='stack-trace321185546'><pre>java.lang.AssertionError: null
	at org.testng.Assert.fail(Assert.java:93)
	at org.testng.Assert.fail(Assert.java:100)
	at io.mosip.preregistration.tests.PreRegistrationSmoke.bookAppointment(PreRegistrationSmoke.java:98)
	at sun.reflect.NativeMethodAccessorImpl.invoke0(Native Method)
	at sun.reflect.NativeMethodAccessorImpl.invoke(Unknown Source)
	at sun.reflect.DelegatingMethodAccessorImpl.invoke(Unknown Source)
	at java.lang.reflect.Method.invoke(Unknown Source)
	at org.testng.internal.MethodInvocationHelper.invokeMethod(MethodInvocationHelper.java:108)
	at org.testng.internal.Invoker.invokeMethod(Invoker.java:661)
	at org.testng.internal.Invoker.invokeTestMethod(Invoker.java:869)
	at org.testng.internal.Invoker.invokeTestMethods(Invoker.java:1193)
	at org.testng.internal.TestMethodWorker.invokeTestMethods(TestMethodWorker.java:126)
	at org.testng.internal.TestMethodWorker.run(TestMethodWorker.java:109)
	at org.testng.TestRunner.privateRun(TestRunner.java:744)
	at org.testng.TestRunner.run(TestRunner.java:602)
	at org.testng.SuiteRunner.runTest(SuiteRunner.java:380)
	at org.testng.SuiteRunner.runSequentially(SuiteRunner.java:375)
	at org.testng.SuiteRunner.privateRun(SuiteRunner.java:340)
	at org.testng.SuiteRunner.run(SuiteRunner.java:289)
	at org.testng.SuiteRunnerWorker.runSuite(SuiteRunnerWorker.java:52)
	at org.testng.SuiteRunnerWorker.run(SuiteRunnerWorker.java:86)
	at org.testng.TestNG.runSuitesSequentially(TestNG.java:1301)
	at org.testng.TestNG.runSuitesLocally(TestNG.java:1226)
	at org.testng.TestNG.runSuites(TestNG.java:1144)
	at org.testng.TestNG.run(TestNG.java:1115)
	at io.mosip.orchestrator.testrunner.MosipTestRunner.startTestRunner(MosipTestRunner.java:72)
	at io.mosip.orchestrator.testrunner.MosipTestRunner.main(MosipTestRunner.java:35)
</pre></div></td>
<td>0</td>
<td>io.mosip.preregistration.tests.PreRegistrationSmoke@77f03bb1</td></tr>
<tr>
<td title='io.mosip.preregistration.tests.PreRegistrationSmoke.createApplication()'><b>createApplication</b><br>Test class: io.mosip.preregistration.tests.PreRegistrationSmoke</td>
<td><div><pre>java.lang.AssertionError: null
	at io.mosip.preregistration.tests.PreRegistrationSmoke.createApplication(PreRegistrationSmoke.java:52)
	at io.mosip.orchestrator.testrunner.MosipTestRunner.startTestRunner(MosipTestRunner.java:72)
	at io.mosip.orchestrator.testrunner.MosipTestRunner.main(MosipTestRunner.java:35)
... Removed 24 stack frames</pre></div><a href='#' onClick='toggleBox("stack-trace1317049866", this, "Click to show all stack frames", "Click to hide stack frames")'>Click to show all stack frames</a>
<div class='stack-trace' id='stack-trace1317049866'><pre>java.lang.AssertionError: null
	at org.testng.Assert.fail(Assert.java:93)
	at org.testng.Assert.fail(Assert.java:100)
	at io.mosip.preregistration.tests.PreRegistrationSmoke.createApplication(PreRegistrationSmoke.java:52)
	at sun.reflect.NativeMethodAccessorImpl.invoke0(Native Method)
	at sun.reflect.NativeMethodAccessorImpl.invoke(Unknown Source)
	at sun.reflect.DelegatingMethodAccessorImpl.invoke(Unknown Source)
	at java.lang.reflect.Method.invoke(Unknown Source)
	at org.testng.internal.MethodInvocationHelper.invokeMethod(MethodInvocationHelper.java:108)
	at org.testng.internal.Invoker.invokeMethod(Invoker.java:661)
	at org.testng.internal.Invoker.invokeTestMethod(Invoker.java:869)
	at org.testng.internal.Invoker.invokeTestMethods(Invoker.java:1193)
	at org.testng.internal.TestMethodWorker.invokeTestMethods(TestMethodWorker.java:126)
	at org.testng.internal.TestMethodWorker.run(TestMethodWorker.java:109)
	at org.testng.TestRunner.privateRun(TestRunner.java:744)
	at org.testng.TestRunner.run(TestRunner.java:602)
	at org.testng.SuiteRunner.runTest(SuiteRunner.java:380)
	at org.testng.SuiteRunner.runSequentially(SuiteRunner.java:375)
	at org.testng.SuiteRunner.privateRun(SuiteRunner.java:340)
	at org.testng.SuiteRunner.run(SuiteRunner.java:289)
	at org.testng.SuiteRunnerWorker.runSuite(SuiteRunnerWorker.java:52)
	at org.testng.SuiteRunnerWorker.run(SuiteRunnerWorker.java:86)
	at org.testng.TestNG.runSuitesSequentially(TestNG.java:1301)
	at org.testng.TestNG.runSuitesLocally(TestNG.java:1226)
	at org.testng.TestNG.runSuites(TestNG.java:1144)
	at org.testng.TestNG.run(TestNG.java:1115)
	at io.mosip.orchestrator.testrunner.MosipTestRunner.startTestRunner(MosipTestRunner.java:72)
	at io.mosip.orchestrator.testrunner.MosipTestRunner.main(MosipTestRunner.java:35)
</pre></div></td>
<td>0</td>
<td>io.mosip.preregistration.tests.PreRegistrationSmoke@77f03bb1</td></tr>
<tr>
<td title='io.mosip.preregistration.tests.PreRegistrationSmoke.documentUpload()'><b>documentUpload</b><br>Test class: io.mosip.preregistration.tests.PreRegistrationSmoke</td>
<td><div><pre>java.lang.AssertionError: null
	at io.mosip.preregistration.tests.PreRegistrationSmoke.documentUpload(PreRegistrationSmoke.java:72)
	at io.mosip.orchestrator.testrunner.MosipTestRunner.startTestRunner(MosipTestRunner.java:72)
	at io.mosip.orchestrator.testrunner.MosipTestRunner.main(MosipTestRunner.java:35)
... Removed 24 stack frames</pre></div><a href='#' onClick='toggleBox("stack-trace237988421", this, "Click to show all stack frames", "Click to hide stack frames")'>Click to show all stack frames</a>
<div class='stack-trace' id='stack-trace237988421'><pre>java.lang.AssertionError: null
	at org.testng.Assert.fail(Assert.java:93)
	at org.testng.Assert.fail(Assert.java:100)
	at io.mosip.preregistration.tests.PreRegistrationSmoke.documentUpload(PreRegistrationSmoke.java:72)
	at sun.reflect.NativeMethodAccessorImpl.invoke0(Native Method)
	at sun.reflect.NativeMethodAccessorImpl.invoke(Unknown Source)
	at sun.reflect.DelegatingMethodAccessorImpl.invoke(Unknown Source)
	at java.lang.reflect.Method.invoke(Unknown Source)
	at org.testng.internal.MethodInvocationHelper.invokeMethod(MethodInvocationHelper.java:108)
	at org.testng.internal.Invoker.invokeMethod(Invoker.java:661)
	at org.testng.internal.Invoker.invokeTestMethod(Invoker.java:869)
	at org.testng.internal.Invoker.invokeTestMethods(Invoker.java:1193)
	at org.testng.internal.TestMethodWorker.invokeTestMethods(TestMethodWorker.java:126)
	at org.testng.internal.TestMethodWorker.run(TestMethodWorker.java:109)
	at org.testng.TestRunner.privateRun(TestRunner.java:744)
	at org.testng.TestRunner.run(TestRunner.java:602)
	at org.testng.SuiteRunner.runTest(SuiteRunner.java:380)
	at org.testng.SuiteRunner.runSequentially(SuiteRunner.java:375)
	at org.testng.SuiteRunner.privateRun(SuiteRunner.java:340)
	at org.testng.SuiteRunner.run(SuiteRunner.java:289)
	at org.testng.SuiteRunnerWorker.runSuite(SuiteRunnerWorker.java:52)
	at org.testng.SuiteRunnerWorker.run(SuiteRunnerWorker.java:86)
	at org.testng.TestNG.runSuitesSequentially(TestNG.java:1301)
	at org.testng.TestNG.runSuitesLocally(TestNG.java:1226)
	at org.testng.TestNG.runSuites(TestNG.java:1144)
	at org.testng.TestNG.run(TestNG.java:1115)
	at io.mosip.orchestrator.testrunner.MosipTestRunner.startTestRunner(MosipTestRunner.java:72)
	at io.mosip.orchestrator.testrunner.MosipTestRunner.main(MosipTestRunner.java:35)
</pre></div></td>
<td>0</td>
<td>io.mosip.preregistration.tests.PreRegistrationSmoke@77f03bb1</td></tr>
<tr>
<td title='io.mosip.preregistration.tests.PreRegistrationSmoke.fetchCenter()'><b>fetchCenter</b><br>Test class: io.mosip.preregistration.tests.PreRegistrationSmoke</td>
<td><div><pre>java.lang.AssertionError: null
	at io.mosip.preregistration.tests.PreRegistrationSmoke.fetchCenter(PreRegistrationSmoke.java:85)
	at io.mosip.orchestrator.testrunner.MosipTestRunner.startTestRunner(MosipTestRunner.java:72)
	at io.mosip.orchestrator.testrunner.MosipTestRunner.main(MosipTestRunner.java:35)
... Removed 24 stack frames</pre></div><a href='#' onClick='toggleBox("stack-trace685072424", this, "Click to show all stack frames", "Click to hide stack frames")'>Click to show all stack frames</a>
<div class='stack-trace' id='stack-trace685072424'><pre>java.lang.AssertionError: null
	at org.testng.Assert.fail(Assert.java:93)
	at org.testng.Assert.fail(Assert.java:100)
	at io.mosip.preregistration.tests.PreRegistrationSmoke.fetchCenter(PreRegistrationSmoke.java:85)
	at sun.reflect.NativeMethodAccessorImpl.invoke0(Native Method)
	at sun.reflect.NativeMethodAccessorImpl.invoke(Unknown Source)
	at sun.reflect.DelegatingMethodAccessorImpl.invoke(Unknown Source)
	at java.lang.reflect.Method.invoke(Unknown Source)
	at org.testng.internal.MethodInvocationHelper.invokeMethod(MethodInvocationHelper.java:108)
	at org.testng.internal.Invoker.invokeMethod(Invoker.java:661)
	at org.testng.internal.Invoker.invokeTestMethod(Invoker.java:869)
	at org.testng.internal.Invoker.invokeTestMethods(Invoker.java:1193)
	at org.testng.internal.TestMethodWorker.invokeTestMethods(TestMethodWorker.java:126)
	at org.testng.internal.TestMethodWorker.run(TestMethodWorker.java:109)
	at org.testng.TestRunner.privateRun(TestRunner.java:744)
	at org.testng.TestRunner.run(TestRunner.java:602)
	at org.testng.SuiteRunner.runTest(SuiteRunner.java:380)
	at org.testng.SuiteRunner.runSequentially(SuiteRunner.java:375)
	at org.testng.SuiteRunner.privateRun(SuiteRunner.java:340)
	at org.testng.SuiteRunner.run(SuiteRunner.java:289)
	at org.testng.SuiteRunnerWorker.runSuite(SuiteRunnerWorker.java:52)
	at org.testng.SuiteRunnerWorker.run(SuiteRunnerWorker.java:86)
	at org.testng.TestNG.runSuitesSequentially(TestNG.java:1301)
	at org.testng.TestNG.runSuitesLocally(TestNG.java:1226)
	at org.testng.TestNG.runSuites(TestNG.java:1144)
	at org.testng.TestNG.run(TestNG.java:1115)
	at io.mosip.orchestrator.testrunner.MosipTestRunner.startTestRunner(MosipTestRunner.java:72)
	at io.mosip.orchestrator.testrunner.MosipTestRunner.main(MosipTestRunner.java:35)
</pre></div></td>
<td>0</td>
<td>io.mosip.preregistration.tests.PreRegistrationSmoke@77f03bb1</td></tr>
<tr>
<td title='io.mosip.preregistration.tests.PreRegistrationSmoke.generateOtp()'><b>generateOtp</b><br>Test class: io.mosip.preregistration.tests.PreRegistrationSmoke</td>
<td><div><pre>java.lang.AssertionError: null
	at io.mosip.preregistration.tests.PreRegistrationSmoke.generateOtp(PreRegistrationSmoke.java:39)
	at io.mosip.orchestrator.testrunner.MosipTestRunner.startTestRunner(MosipTestRunner.java:72)
	at io.mosip.orchestrator.testrunner.MosipTestRunner.main(MosipTestRunner.java:35)
... Removed 24 stack frames</pre></div><a href='#' onClick='toggleBox("stack-trace1602363550", this, "Click to show all stack frames", "Click to hide stack frames")'>Click to show all stack frames</a>
<div class='stack-trace' id='stack-trace1602363550'><pre>java.lang.AssertionError: null
	at org.testng.Assert.fail(Assert.java:93)
	at org.testng.Assert.fail(Assert.java:100)
	at io.mosip.preregistration.tests.PreRegistrationSmoke.generateOtp(PreRegistrationSmoke.java:39)
	at sun.reflect.NativeMethodAccessorImpl.invoke0(Native Method)
	at sun.reflect.NativeMethodAccessorImpl.invoke(Unknown Source)
	at sun.reflect.DelegatingMethodAccessorImpl.invoke(Unknown Source)
	at java.lang.reflect.Method.invoke(Unknown Source)
	at org.testng.internal.MethodInvocationHelper.invokeMethod(MethodInvocationHelper.java:108)
	at org.testng.internal.Invoker.invokeMethod(Invoker.java:661)
	at org.testng.internal.Invoker.invokeTestMethod(Invoker.java:869)
	at org.testng.internal.Invoker.invokeTestMethods(Invoker.java:1193)
	at org.testng.internal.TestMethodWorker.invokeTestMethods(TestMethodWorker.java:126)
	at org.testng.internal.TestMethodWorker.run(TestMethodWorker.java:109)
	at org.testng.TestRunner.privateRun(TestRunner.java:744)
	at org.testng.TestRunner.run(TestRunner.java:602)
	at org.testng.SuiteRunner.runTest(SuiteRunner.java:380)
	at org.testng.SuiteRunner.runSequentially(SuiteRunner.java:375)
	at org.testng.SuiteRunner.privateRun(SuiteRunner.java:340)
	at org.testng.SuiteRunner.run(SuiteRunner.java:289)
	at org.testng.SuiteRunnerWorker.runSuite(SuiteRunnerWorker.java:52)
	at org.testng.SuiteRunnerWorker.run(SuiteRunnerWorker.java:86)
	at org.testng.TestNG.runSuitesSequentially(TestNG.java:1301)
	at org.testng.TestNG.runSuitesLocally(TestNG.java:1226)
	at org.testng.TestNG.runSuites(TestNG.java:1144)
	at org.testng.TestNG.run(TestNG.java:1115)
	at io.mosip.orchestrator.testrunner.MosipTestRunner.startTestRunner(MosipTestRunner.java:72)
	at io.mosip.orchestrator.testrunner.MosipTestRunner.main(MosipTestRunner.java:35)
</pre></div></td>
<td>5</td>
<td>io.mosip.preregistration.tests.PreRegistrationSmoke@77f03bb1</td></tr>
<tr>
<td title='io.mosip.actuator.healthcheck.test.ActuatorTest.id-repository()'><b>id-repository</b><br>Test class: io.mosip.actuator.healthcheck.test.ActuatorTest<br>Parameters: id-repository, {id-repository-identity-service=UP, id-repository-vid-service=Down}</td>
<td><div><pre>java.lang.AssertionError: expected [true] but found [false]
	at io.mosip.actuator.healthcheck.test.ActuatorTest.actuatorHealthTest(ActuatorTest.java:80)
	at io.mosip.orchestrator.testrunner.MosipTestRunner.startTestRunner(MosipTestRunner.java:72)
	at io.mosip.orchestrator.testrunner.MosipTestRunner.main(MosipTestRunner.java:35)
... Removed 26 stack frames</pre></div><a href='#' onClick='toggleBox("stack-trace230610941", this, "Click to show all stack frames", "Click to hide stack frames")'>Click to show all stack frames</a>
<div class='stack-trace' id='stack-trace230610941'><pre>java.lang.AssertionError: expected [true] but found [false]
	at org.testng.Assert.fail(Assert.java:93)
	at org.testng.Assert.failNotEquals(Assert.java:512)
	at org.testng.Assert.assertTrue(Assert.java:41)
	at org.testng.Assert.assertTrue(Assert.java:51)
	at io.mosip.actuator.healthcheck.test.ActuatorTest.actuatorHealthTest(ActuatorTest.java:80)
	at sun.reflect.NativeMethodAccessorImpl.invoke0(Native Method)
	at sun.reflect.NativeMethodAccessorImpl.invoke(Unknown Source)
	at sun.reflect.DelegatingMethodAccessorImpl.invoke(Unknown Source)
	at java.lang.reflect.Method.invoke(Unknown Source)
	at org.testng.internal.MethodInvocationHelper.invokeMethod(MethodInvocationHelper.java:108)
	at org.testng.internal.Invoker.invokeMethod(Invoker.java:661)
	at org.testng.internal.Invoker.invokeTestMethod(Invoker.java:869)
	at org.testng.internal.Invoker.invokeTestMethods(Invoker.java:1193)
	at org.testng.internal.TestMethodWorker.invokeTestMethods(TestMethodWorker.java:126)
	at org.testng.internal.TestMethodWorker.run(TestMethodWorker.java:109)
	at org.testng.TestRunner.privateRun(TestRunner.java:744)
	at org.testng.TestRunner.run(TestRunner.java:602)
	at org.testng.SuiteRunner.runTest(SuiteRunner.java:380)
	at org.testng.SuiteRunner.runSequentially(SuiteRunner.java:375)
	at org.testng.SuiteRunner.privateRun(SuiteRunner.java:340)
	at org.testng.SuiteRunner.run(SuiteRunner.java:289)
	at org.testng.SuiteRunnerWorker.runSuite(SuiteRunnerWorker.java:52)
	at org.testng.SuiteRunnerWorker.run(SuiteRunnerWorker.java:86)
	at org.testng.TestNG.runSuitesSequentially(TestNG.java:1301)
	at org.testng.TestNG.runSuitesLocally(TestNG.java:1226)
	at org.testng.TestNG.runSuites(TestNG.java:1144)
	at org.testng.TestNG.run(TestNG.java:1115)
	at io.mosip.orchestrator.testrunner.MosipTestRunner.startTestRunner(MosipTestRunner.java:72)
	at io.mosip.orchestrator.testrunner.MosipTestRunner.main(MosipTestRunner.java:35)
</pre></div></td>
<td>0</td>
<td>io.mosip.actuator.healthcheck.test.ActuatorTest@21a06946</td></tr>
<tr>
<td title='io.mosip.actuator.healthcheck.test.ActuatorTest.kernel()'><b>kernel</b><br>Test class: io.mosip.actuator.healthcheck.test.ActuatorTest<br>Parameters: kernel, {kernel-otpmanager-service=UP, kernel-tokenidgenerator-service=Down, kernel-licensekeymanager-service=Down, kernel-auth-service=UP, kernel-ridgenerator-service=UP, kernel-uingenerator-service=Down, kernel-emailnotification-service=Down, kernel-masterdata-service=UP, kernel-auditmanager-service=UP, kernel-syncdata-service=UP, kernel-applicanttype-service=Down, kernel-config-server=UP, kernel-smsnotification-service=Down, kernel-keymanager-service=UP, kernel-signature-service=Down, kernel-cryptomanager-service=Down}</td>
<td><div><pre>java.lang.AssertionError: expected [true] but found [false]
	at io.mosip.actuator.healthcheck.test.ActuatorTest.actuatorHealthTest(ActuatorTest.java:80)
	at io.mosip.orchestrator.testrunner.MosipTestRunner.startTestRunner(MosipTestRunner.java:72)
	at io.mosip.orchestrator.testrunner.MosipTestRunner.main(MosipTestRunner.java:35)
... Removed 26 stack frames</pre></div><a href='#' onClick='toggleBox("stack-trace295937119", this, "Click to show all stack frames", "Click to hide stack frames")'>Click to show all stack frames</a>
<div class='stack-trace' id='stack-trace295937119'><pre>java.lang.AssertionError: expected [true] but found [false]
	at org.testng.Assert.fail(Assert.java:93)
	at org.testng.Assert.failNotEquals(Assert.java:512)
	at org.testng.Assert.assertTrue(Assert.java:41)
	at org.testng.Assert.assertTrue(Assert.java:51)
	at io.mosip.actuator.healthcheck.test.ActuatorTest.actuatorHealthTest(ActuatorTest.java:80)
	at sun.reflect.NativeMethodAccessorImpl.invoke0(Native Method)
	at sun.reflect.NativeMethodAccessorImpl.invoke(Unknown Source)
	at sun.reflect.DelegatingMethodAccessorImpl.invoke(Unknown Source)
	at java.lang.reflect.Method.invoke(Unknown Source)
	at org.testng.internal.MethodInvocationHelper.invokeMethod(MethodInvocationHelper.java:108)
	at org.testng.internal.Invoker.invokeMethod(Invoker.java:661)
	at org.testng.internal.Invoker.invokeTestMethod(Invoker.java:869)
	at org.testng.internal.Invoker.invokeTestMethods(Invoker.java:1193)
	at org.testng.internal.TestMethodWorker.invokeTestMethods(TestMethodWorker.java:126)
	at org.testng.internal.TestMethodWorker.run(TestMethodWorker.java:109)
	at org.testng.TestRunner.privateRun(TestRunner.java:744)
	at org.testng.TestRunner.run(TestRunner.java:602)
	at org.testng.SuiteRunner.runTest(SuiteRunner.java:380)
	at org.testng.SuiteRunner.runSequentially(SuiteRunner.java:375)
	at org.testng.SuiteRunner.privateRun(SuiteRunner.java:340)
	at org.testng.SuiteRunner.run(SuiteRunner.java:289)
	at org.testng.SuiteRunnerWorker.runSuite(SuiteRunnerWorker.java:52)
	at org.testng.SuiteRunnerWorker.run(SuiteRunnerWorker.java:86)
	at org.testng.TestNG.runSuitesSequentially(TestNG.java:1301)
	at org.testng.TestNG.runSuitesLocally(TestNG.java:1226)
	at org.testng.TestNG.runSuites(TestNG.java:1144)
	at org.testng.TestNG.run(TestNG.java:1115)
	at io.mosip.orchestrator.testrunner.MosipTestRunner.startTestRunner(MosipTestRunner.java:72)
	at io.mosip.orchestrator.testrunner.MosipTestRunner.main(MosipTestRunner.java:35)
</pre></div></td>
<td>0</td>
<td>io.mosip.actuator.healthcheck.test.ActuatorTest@21a06946</td></tr>
<tr>
<td title='io.mosip.actuator.healthcheck.test.ActuatorTest.pre-registration()'><b>pre-registration</b><br>Test class: io.mosip.actuator.healthcheck.test.ActuatorTest<br>Parameters: pre-registration, {pre-registration-document-service=Down, pre-registration-notification-service=UP, pre-registration-translitration-service=UP, pre-registration-batchjob-service=Down, pre-registration-login-service=UP, pre-registration-generateqrcode-service=UP, pre-registration-booking-service=Down, pre-registration-demographic-service=Down, pre-registration-ui=Down, pre-registration-datasync-service=Down}</td>
<td><div><pre>java.lang.AssertionError: expected [true] but found [false]
	at io.mosip.actuator.healthcheck.test.ActuatorTest.actuatorHealthTest(ActuatorTest.java:80)
	at io.mosip.orchestrator.testrunner.MosipTestRunner.startTestRunner(MosipTestRunner.java:72)
	at io.mosip.orchestrator.testrunner.MosipTestRunner.main(MosipTestRunner.java:35)
... Removed 26 stack frames</pre></div><a href='#' onClick='toggleBox("stack-trace30604162", this, "Click to show all stack frames", "Click to hide stack frames")'>Click to show all stack frames</a>
<div class='stack-trace' id='stack-trace30604162'><pre>java.lang.AssertionError: expected [true] but found [false]
	at org.testng.Assert.fail(Assert.java:93)
	at org.testng.Assert.failNotEquals(Assert.java:512)
	at org.testng.Assert.assertTrue(Assert.java:41)
	at org.testng.Assert.assertTrue(Assert.java:51)
	at io.mosip.actuator.healthcheck.test.ActuatorTest.actuatorHealthTest(ActuatorTest.java:80)
	at sun.reflect.NativeMethodAccessorImpl.invoke0(Native Method)
	at sun.reflect.NativeMethodAccessorImpl.invoke(Unknown Source)
	at sun.reflect.DelegatingMethodAccessorImpl.invoke(Unknown Source)
	at java.lang.reflect.Method.invoke(Unknown Source)
	at org.testng.internal.MethodInvocationHelper.invokeMethod(MethodInvocationHelper.java:108)
	at org.testng.internal.Invoker.invokeMethod(Invoker.java:661)
	at org.testng.internal.Invoker.invokeTestMethod(Invoker.java:869)
	at org.testng.internal.Invoker.invokeTestMethods(Invoker.java:1193)
	at org.testng.internal.TestMethodWorker.invokeTestMethods(TestMethodWorker.java:126)
	at org.testng.internal.TestMethodWorker.run(TestMethodWorker.java:109)
	at org.testng.TestRunner.privateRun(TestRunner.java:744)
	at org.testng.TestRunner.run(TestRunner.java:602)
	at org.testng.SuiteRunner.runTest(SuiteRunner.java:380)
	at org.testng.SuiteRunner.runSequentially(SuiteRunner.java:375)
	at org.testng.SuiteRunner.privateRun(SuiteRunner.java:340)
	at org.testng.SuiteRunner.run(SuiteRunner.java:289)
	at org.testng.SuiteRunnerWorker.runSuite(SuiteRunnerWorker.java:52)
	at org.testng.SuiteRunnerWorker.run(SuiteRunnerWorker.java:86)
	at org.testng.TestNG.runSuitesSequentially(TestNG.java:1301)
	at org.testng.TestNG.runSuitesLocally(TestNG.java:1226)
	at org.testng.TestNG.runSuites(TestNG.java:1144)
	at org.testng.TestNG.run(TestNG.java:1115)
	at io.mosip.orchestrator.testrunner.MosipTestRunner.startTestRunner(MosipTestRunner.java:72)
	at io.mosip.orchestrator.testrunner.MosipTestRunner.main(MosipTestRunner.java:35)
</pre></div></td>
<td>0</td>
<td>io.mosip.actuator.healthcheck.test.ActuatorTest@21a06946</td></tr>
<tr>
<td title='io.mosip.actuator.healthcheck.test.ActuatorTest.registration-processor()'><b>registration-processor</b><br>Test class: io.mosip.actuator.healthcheck.test.ActuatorTest<br>Parameters: registration-processor, {registration-processor-packet-uploader-stage=Down, registration-processor-request-handler-service=Down, registration-processor-bio-dedupe-service=Down, registration-processor-external-integration-service=Down, registration-processor-print-service=Down, registration-processor-manual-verification-stage=Down, registration-processor-abis=Down}</td>
<td><div><pre>java.lang.AssertionError: expected [true] but found [false]
	at io.mosip.actuator.healthcheck.test.ActuatorTest.actuatorHealthTest(ActuatorTest.java:80)
	at io.mosip.orchestrator.testrunner.MosipTestRunner.startTestRunner(MosipTestRunner.java:72)
	at io.mosip.orchestrator.testrunner.MosipTestRunner.main(MosipTestRunner.java:35)
... Removed 26 stack frames</pre></div><a href='#' onClick='toggleBox("stack-trace517787604", this, "Click to show all stack frames", "Click to hide stack frames")'>Click to show all stack frames</a>
<div class='stack-trace' id='stack-trace517787604'><pre>java.lang.AssertionError: expected [true] but found [false]
	at org.testng.Assert.fail(Assert.java:93)
	at org.testng.Assert.failNotEquals(Assert.java:512)
	at org.testng.Assert.assertTrue(Assert.java:41)
	at org.testng.Assert.assertTrue(Assert.java:51)
	at io.mosip.actuator.healthcheck.test.ActuatorTest.actuatorHealthTest(ActuatorTest.java:80)
	at sun.reflect.NativeMethodAccessorImpl.invoke0(Native Method)
	at sun.reflect.NativeMethodAccessorImpl.invoke(Unknown Source)
	at sun.reflect.DelegatingMethodAccessorImpl.invoke(Unknown Source)
	at java.lang.reflect.Method.invoke(Unknown Source)
	at org.testng.internal.MethodInvocationHelper.invokeMethod(MethodInvocationHelper.java:108)
	at org.testng.internal.Invoker.invokeMethod(Invoker.java:661)
	at org.testng.internal.Invoker.invokeTestMethod(Invoker.java:869)
	at org.testng.internal.Invoker.invokeTestMethods(Invoker.java:1193)
	at org.testng.internal.TestMethodWorker.invokeTestMethods(TestMethodWorker.java:126)
	at org.testng.internal.TestMethodWorker.run(TestMethodWorker.java:109)
	at org.testng.TestRunner.privateRun(TestRunner.java:744)
	at org.testng.TestRunner.run(TestRunner.java:602)
	at org.testng.SuiteRunner.runTest(SuiteRunner.java:380)
	at org.testng.SuiteRunner.runSequentially(SuiteRunner.java:375)
	at org.testng.SuiteRunner.privateRun(SuiteRunner.java:340)
	at org.testng.SuiteRunner.run(SuiteRunner.java:289)
	at org.testng.SuiteRunnerWorker.runSuite(SuiteRunnerWorker.java:52)
	at org.testng.SuiteRunnerWorker.run(SuiteRunnerWorker.java:86)
	at org.testng.TestNG.runSuitesSequentially(TestNG.java:1301)
	at org.testng.TestNG.runSuitesLocally(TestNG.java:1226)
	at org.testng.TestNG.runSuites(TestNG.java:1144)
	at org.testng.TestNG.run(TestNG.java:1115)
	at io.mosip.orchestrator.testrunner.MosipTestRunner.startTestRunner(MosipTestRunner.java:72)
	at io.mosip.orchestrator.testrunner.MosipTestRunner.main(MosipTestRunner.java:35)
</pre></div></td>
<td>0</td>
<td>io.mosip.actuator.healthcheck.test.ActuatorTest@21a06946</td></tr>
</table><p>
<table width='100%' border='1' class='invocation-passed'>
<tr><td colspan='4' align='center'><b>PASSED TESTS</b></td></tr>
<tr><td><b>Test method</b></td>
<td width="30%"><b>Exception</b></td>
<td width="10%"><b>Time (seconds)</b></td>
<td><b>Instance</b></td>
</tr>
<tr>
<td title='io.mosip.actuator.healthcheck.test.ActuatorTest.authentication()'><b>authentication</b><br>Test class: io.mosip.actuator.healthcheck.test.ActuatorTest<br>Parameters: authentication, {authentication-service=UP, authentication-internal-service=UP, authentication-otp-service=UP, authentication-kyc-service=UP}</td>
<td></td>
<td>0</td>
<td>io.mosip.actuator.healthcheck.test.ActuatorTest@21a06946</td></tr>
</table><p>
</body>
</html>